nohup: ignoring input
-- Attaching packages --------------------------------------- tidyverse 1.2.1 --
v ggplot2 3.1.0       v purrr   0.3.2  
v tibble  2.1.1       v dplyr   0.8.0.1
v tidyr   0.8.3       v stringr 1.4.0  
v readr   1.3.1       v forcats 0.4.0  
-- Conflicts ------------------------------------------ tidyverse_conflicts() --
x dplyr::filter() masks stats::filter()
x dplyr::lag()    masks stats::lag()

Attaching package: 'data.table'

The following objects are masked from 'package:dplyr':

    between, first, last

The following object is masked from 'package:purrr':

    transpose

[1] "2019-05-01 17:40:45 BST"
[1] "Data loaded."
[1] "Uninformative genes now removed."
[1] "Annotation levels assigned."
[1] "AIBS2019 file now removed."
Loading required package: parallel
[1] "Cell type averages and specificity calculated."
