nohup: ignoring input
-- Attaching packages --------------------------------------- tidyverse 1.2.1 --
v ggplot2 3.2.1     v purrr   0.3.3
v tibble  2.1.3     v dplyr   0.8.3
v tidyr   1.0.0     v stringr 1.4.0
v readr   1.3.1     v forcats 0.4.0
-- Conflicts ------------------------------------------ tidyverse_conflicts() --
x tidyr::expand() masks Matrix::expand()
x dplyr::filter() masks stats::filter()
x dplyr::lag()    masks stats::lag()
x tidyr::pack()   masks Matrix::pack()
x tidyr::unpack() masks Matrix::unpack()

Attaching package: 'data.table'

The following objects are masked from 'package:dplyr':

    between, first, last

The following object is masked from 'package:purrr':

    transpose

Parsed with column specification:
cols(
  cell_id = col_character(),
  nGene = col_double(),
  nUMI = col_double(),
  sample = col_character(),
  batch = col_character(),
  level2class_new = col_character(),
  level1_class = col_character(),
  level2_old = col_character()
)
Parsed with column specification:
cols(
  cell_id = col_character(),
  nGene = col_double(),
  nUMI = col_double(),
  sample = col_character(),
  batch = col_character(),
  level_2 = col_character(),
  level1 = col_character(),
  level1_old = col_character()
)
[1] "Check that there are a total of 5 individuals"
[1] TRUE
[1] "Check that there are a total of 7 SNIG and 5 CRTX samples"
# A tibble: 2 x 2
  tissue     n
  <chr>  <int>
1 CRTX       5
2 SNIG       7
[1] "Check that gene names match across all sample matrices"
[1] TRUE
Read 2714 items
Read 1744 items
Read 589 items
Read 703 items
Read 1575 items
Read 690 items
Read 2455 items
Read 1337 items
Read 1910 items
Read 544 items
Read 3361 items
Read 498 items
There were 13 warnings (use warnings() to see them)
[1] "2020-04-01 12:30:36 BST"
[1] "Data loaded."
[1] "Working on: CRTX"
[1] "Uninformative genes now removed."
[1] "Annotation levels assigned."
Loading required package: parallel
[1] "Cell type averages and specificity calculated."
[1] "Working on: SNIG"
[1] "Uninformative genes now removed."
[1] "Annotation levels assigned."
[1] "Cell type averages and specificity calculated."
